<?xml version="1.0" encoding="UTF-8"?>
<!-- Generated by org.testng.reporters.JUnitReportReporter -->
<testsuite hostname="LAPTOP-3DV3BQ6I" failures="0" tests="4" name="api.tests.UserTests" time="24.747" errors="0" timestamp="2024-01-14T21:19:27 IST" skipped="0">
  <testcase classname="api.tests.UserTests" name="testPostUser" time="5.946"/>
  <testcase classname="api.tests.UserTests" name="testGetUserByName" time="5.403"/>
  <testcase classname="api.tests.UserTests" name="testUpdateUserbyName" time="8.607"/>
  <testcase classname="api.tests.UserTests" name="testDeleteUserByName" time="4.791"/>
</testsuite> <!-- api.tests.UserTests -->
