<?xml version="1.0" encoding="UTF-8"?>
<!-- Generated by org.testng.reporters.JUnitReportReporter -->
<testsuite hostname="LAPTOP-3DV3BQ6I" failures="0" tests="4" name="api.tests.UserTests2" time="23.100" errors="0" timestamp="2024-01-15T13:30:25 IST" skipped="0">
  <testcase classname="api.tests.UserTests2" name="testPostUser" time="7.743"/>
  <testcase classname="api.tests.UserTests2" name="testGetUserByName" time="3.622"/>
  <testcase classname="api.tests.UserTests2" name="testUpdateUserbyName" time="7.562"/>
  <testcase classname="api.tests.UserTests2" name="testDeleteUserByName" time="4.173"/>
</testsuite> <!-- api.tests.UserTests2 -->
