<?xml version="1.0" encoding="UTF-8"?>
<!-- Generated by org.testng.reporters.JUnitReportReporter -->
<testsuite hostname="LAPTOP-3DV3BQ6I" failures="0" tests="4" name="api.tests.UserTests2" time="16.203" errors="0" timestamp="2024-01-15T14:03:45 IST" skipped="0">
  <testcase classname="api.tests.UserTests2" name="testPostUser" time="4.715"/>
  <testcase classname="api.tests.UserTests2" name="testGetUserByName" time="3.576"/>
  <testcase classname="api.tests.UserTests2" name="testUpdateUserbyName" time="6.050"/>
  <testcase classname="api.tests.UserTests2" name="testDeleteUserByName" time="1.862"/>
</testsuite> <!-- api.tests.UserTests2 -->
