<?xml version="1.0" encoding="UTF-8"?>
<!-- Generated by org.testng.reporters.JUnitReportReporter -->
<testsuite hostname="LAPTOP-3DV3BQ6I" failures="0" tests="4" name="api.tests.UserTests" time="17.660" errors="0" timestamp="2024-01-15T13:42:51 IST" skipped="0">
  <testcase classname="api.tests.UserTests" name="testPostUser" time="2.314"/>
  <testcase classname="api.tests.UserTests" name="testGetUserByName" time="2.860"/>
  <testcase classname="api.tests.UserTests" name="testUpdateUserbyName" time="9.210"/>
  <testcase classname="api.tests.UserTests" name="testDeleteUserByName" time="3.276"/>
</testsuite> <!-- api.tests.UserTests -->
